<?xml version="1.0" encoding="UTF-8"?>
<!-- Generated by org.testng.reporters.JUnitXMLReporter -->
<testsuite ignored="0" hostname="DESKTOP-DQ8EN8M" failures="0" tests="15" name="EdgeTest" time="2.158" errors="0" timestamp="2021-04-05T16:03:08 EDT">
  <testcase classname="SignUpTest" name="@BeforeMethod openBrowser" time="0.0">
    <failure type="java.lang.NullPointerException" message="Cannot invoke &amp;quot;org.openqa.selenium.remote.RemoteWebDriver.manage()&amp;quot; because &amp;quot;SignUpTest.driver&amp;quot; is null">
      <![CDATA[java.lang.NullPointerException: Cannot invoke "org.openqa.selenium.remote.RemoteWebDriver.manage()" because "SignUpTest.driver" is null
at SignUpTest.openBrowser(SignUpTest.java:57)
at java.base/java.util.ArrayList.forEach(ArrayList.java:1511)
at java.base/java.util.concurrent.FutureTask.run(FutureTask.java:264)
at java.base/java.util.concurrent.ThreadPoolExecutor.runWorker(ThreadPoolExecutor.java:1130)
at java.base/java.util.concurrent.ThreadPoolExecutor$Worker.run(ThreadPoolExecutor.java:630)
at java.base/java.lang.Thread.run(Thread.java:832)
... Removed 22 stack frames]]>
    </failure>
  </testcase> <!-- @BeforeMethod openBrowser -->
  <testcase classname="SignUpTest" name="@BeforeMethod openBrowser" time="-1.617652987971E9">
    <skipped/>
  </testcase> <!-- @BeforeMethod openBrowser -->
  <testcase classname="SignUpTest" name="@BeforeMethod openBrowser" time="-1.617652987976E9">
    <skipped/>
  </testcase> <!-- @BeforeMethod openBrowser -->
  <testcase classname="SignUpTest" name="@BeforeMethod openBrowser" time="-1.617652987981E9">
    <skipped/>
  </testcase> <!-- @BeforeMethod openBrowser -->
  <testcase classname="SignUpTest" name="@BeforeMethod openBrowser" time="-1.617652987986E9">
    <skipped/>
  </testcase> <!-- @BeforeMethod openBrowser -->
  <testcase classname="SignUpTest" name="@BeforeMethod openBrowser" time="-1.61765298799E9">
    <skipped/>
  </testcase> <!-- @BeforeMethod openBrowser -->
  <testcase classname="SignUpTest" name="@BeforeMethod openBrowser" time="-1.617652987996E9">
    <skipped/>
  </testcase> <!-- @BeforeMethod openBrowser -->
  <testcase classname="SignUpTest" name="@BeforeMethod openBrowser" time="-1.617652988002E9">
    <skipped/>
  </testcase> <!-- @BeforeMethod openBrowser -->
  <testcase classname="SignUpTest" name="@BeforeMethod openBrowser" time="-1.617652988009E9">
    <skipped/>
  </testcase> <!-- @BeforeMethod openBrowser -->
  <testcase classname="SignUpTest" name="@BeforeMethod openBrowser" time="-1.61765298802E9">
    <skipped/>
  </testcase> <!-- @BeforeMethod openBrowser -->
  <testcase classname="SignUpTest" name="@BeforeMethod openBrowser" time="-1.61765298803E9">
    <skipped/>
  </testcase> <!-- @BeforeMethod openBrowser -->
  <testcase classname="SignUpTest" name="@BeforeMethod openBrowser" time="-1.61765298804E9">
    <skipped/>
  </testcase> <!-- @BeforeMethod openBrowser -->
  <testcase classname="SignUpTest" name="@BeforeMethod openBrowser" time="-1.617652988051E9">
    <skipped/>
  </testcase> <!-- @BeforeMethod openBrowser -->
  <testcase classname="SignUpTest" name="@BeforeMethod openBrowser" time="-1.617652988058E9">
    <skipped/>
  </testcase> <!-- @BeforeMethod openBrowser -->
  <testcase classname="SignUpTest" name="@BeforeMethod openBrowser" time="-1.617652988068E9">
    <skipped/>
  </testcase> <!-- @BeforeMethod openBrowser -->
  <testcase classname="SignUpTest" name="@AfterClass tearDown" time="-1.617652988076E9">
    <skipped/>
  </testcase> <!-- @AfterClass tearDown -->
  <testcase classname="SignUpTest" name="emptyCompanyNameTest" time="0.0">
    <skipped/>
  </testcase> <!-- emptyCompanyNameTest -->
  <testcase classname="SignUpTest" name="emptyEmailTest" time="0.0">
    <skipped/>
  </testcase> <!-- emptyEmailTest -->
  <testcase classname="SignUpTest" name="emptyNameTest" time="0.0">
    <skipped/>
  </testcase> <!-- emptyNameTest -->
  <testcase classname="SignUpTest" name="emptyPasswordTest" time="0.0">
    <skipped/>
  </testcase> <!-- emptyPasswordTest -->
  <testcase classname="SignUpTest" name="emptyPhoneTest" time="0.0">
    <skipped/>
  </testcase> <!-- emptyPhoneTest -->
  <testcase classname="SignUpTest" name="inValidPasswordTest" time="0.0">
    <skipped/>
  </testcase> <!-- inValidPasswordTest -->
  <testcase classname="SignUpTest" name="inValidPhoneTest" time="0.0">
    <skipped/>
  </testcase> <!-- inValidPhoneTest -->
  <testcase classname="SignUpTest" name="invalidEmailTest" time="0.0">
    <skipped/>
  </testcase> <!-- invalidEmailTest -->
  <testcase classname="SignUpTest" name="landingPageRedirectionTest" time="0.0">
    <skipped/>
  </testcase> <!-- landingPageRedirectionTest -->
  <testcase classname="SignUpTest" name="loginRedirectionTest" time="0.0">
    <skipped/>
  </testcase> <!-- loginRedirectionTest -->
  <testcase classname="SignUpTest" name="privacyPolicyRedirectionTest" time="0.0">
    <skipped/>
  </testcase> <!-- privacyPolicyRedirectionTest -->
  <testcase classname="SignUpTest" name="termsRedirectionTest" time="0.0">
    <skipped/>
  </testcase> <!-- termsRedirectionTest -->
  <testcase classname="SignUpTest" name="uncheckedTerms" time="0.0">
    <skipped/>
  </testcase> <!-- uncheckedTerms -->
  <testcase classname="SignUpTest" name="validRegistrationTest" time="0.0">
    <skipped/>
  </testcase> <!-- validRegistrationTest -->
  <testcase classname="SignUpTest" name="verifyElemntsOnPageTest" time="0.0">
    <skipped/>
  </testcase> <!-- verifyElemntsOnPageTest -->
</testsuite> <!-- EdgeTest -->
