<?xml version="1.0" encoding="UTF-8"?>
<!-- Generated by org.testng.reporters.JUnitXMLReporter -->
<testsuite ignored="0" hostname="DESKTOP-DQ8EN8M" failures="0" tests="15" name="FirefoxTest" time="2.157" errors="0" timestamp="2021-04-05T16:03:08 EDT">
  <testcase classname="SignUpTest" name="@BeforeMethod openBrowser" time="0.0">
    <failure type="java.lang.NullPointerException" message="Cannot invoke &amp;quot;org.openqa.selenium.remote.RemoteWebDriver.manage()&amp;quot; because &amp;quot;SignUpTest.driver&amp;quot; is null">
      <![CDATA[java.lang.NullPointerException: Cannot invoke "org.openqa.selenium.remote.RemoteWebDriver.manage()" because "SignUpTest.driver" is null
at SignUpTest.openBrowser(SignUpTest.java:57)
at java.base/java.util.ArrayList.forEach(ArrayList.java:1511)
at java.base/java.util.concurrent.FutureTask.run(FutureTask.java:264)
at java.base/java.util.concurrent.ThreadPoolExecutor.runWorker(ThreadPoolExecutor.java:1130)
at java.base/java.util.concurrent.ThreadPoolExecutor$Worker.run(ThreadPoolExecutor.java:630)
at java.base/java.lang.Thread.run(Thread.java:832)
... Removed 22 stack frames]]>
    </failure>
  </testcase> <!-- @BeforeMethod openBrowser -->
  <testcase classname="SignUpTest" name="@BeforeMethod openBrowser" time="0.0">
    <failure type="java.lang.NullPointerException" message="Cannot invoke &amp;quot;org.openqa.selenium.remote.RemoteWebDriver.manage()&amp;quot; because &amp;quot;SignUpTest.driver&amp;quot; is null">
      <![CDATA[java.lang.NullPointerException: Cannot invoke "org.openqa.selenium.remote.RemoteWebDriver.manage()" because "SignUpTest.driver" is null
at SignUpTest.openBrowser(SignUpTest.java:57)
at java.base/java.util.ArrayList.forEach(ArrayList.java:1511)
at java.base/java.util.concurrent.FutureTask.run(FutureTask.java:264)
at java.base/java.util.concurrent.ThreadPoolExecutor.runWorker(ThreadPoolExecutor.java:1130)
at java.base/java.util.concurrent.ThreadPoolExecutor$Worker.run(ThreadPoolExecutor.java:630)
at java.base/java.lang.Thread.run(Thread.java:832)
... Removed 22 stack frames]]>
    </failure>
  </testcase> <!-- @BeforeMethod openBrowser -->
  <testcase classname="SignUpTest" name="@BeforeMethod openBrowser" time="-1.617652988002E9">
    <skipped/>
  </testcase> <!-- @BeforeMethod openBrowser -->
  <testcase classname="SignUpTest" name="@BeforeMethod openBrowser" time="-1.617652988006E9">
    <skipped/>
  </testcase> <!-- @BeforeMethod openBrowser -->
  <testcase classname="SignUpTest" name="@BeforeMethod openBrowser" time="-1.617652988012E9">
    <skipped/>
  </testcase> <!-- @BeforeMethod openBrowser -->
  <testcase classname="SignUpTest" name="@BeforeMethod openBrowser" time="-1.617652988013E9">
    <skipped/>
  </testcase> <!-- @BeforeMethod openBrowser -->
  <testcase classname="SignUpTest" name="@BeforeMethod openBrowser" time="-1.617652988016E9">
    <skipped/>
  </testcase> <!-- @BeforeMethod openBrowser -->
  <testcase classname="SignUpTest" name="@BeforeMethod openBrowser" time="-1.61765298802E9">
    <skipped/>
  </testcase> <!-- @BeforeMethod openBrowser -->
  <testcase classname="SignUpTest" name="@BeforeMethod openBrowser" time="-1.617652988024E9">
    <skipped/>
  </testcase> <!-- @BeforeMethod openBrowser -->
  <testcase classname="SignUpTest" name="@BeforeMethod openBrowser" time="-1.617652988024E9">
    <skipped/>
  </testcase> <!-- @BeforeMethod openBrowser -->
  <testcase classname="SignUpTest" name="@BeforeMethod openBrowser" time="-1.617652988029E9">
    <skipped/>
  </testcase> <!-- @BeforeMethod openBrowser -->
  <testcase classname="SignUpTest" name="@BeforeMethod openBrowser" time="-1.617652988034E9">
    <skipped/>
  </testcase> <!-- @BeforeMethod openBrowser -->
  <testcase classname="SignUpTest" name="@BeforeMethod openBrowser" time="-1.617652988033E9">
    <skipped/>
  </testcase> <!-- @BeforeMethod openBrowser -->
  <testcase classname="SignUpTest" name="@BeforeMethod openBrowser" time="-1.617652988038E9">
    <skipped/>
  </testcase> <!-- @BeforeMethod openBrowser -->
  <testcase classname="SignUpTest" name="@BeforeMethod openBrowser" time="-1.617652988041E9">
    <skipped/>
  </testcase> <!-- @BeforeMethod openBrowser -->
  <testcase classname="SignUpTest" name="@BeforeMethod openBrowser" time="-1.617652988045E9">
    <skipped/>
  </testcase> <!-- @BeforeMethod openBrowser -->
  <testcase classname="SignUpTest" name="@BeforeMethod openBrowser" time="-1.617652988047E9">
    <skipped/>
  </testcase> <!-- @BeforeMethod openBrowser -->
  <testcase classname="SignUpTest" name="@BeforeMethod openBrowser" time="-1.61765298805E9">
    <skipped/>
  </testcase> <!-- @BeforeMethod openBrowser -->
  <testcase classname="SignUpTest" name="@BeforeMethod openBrowser" time="-1.617652988055E9">
    <skipped/>
  </testcase> <!-- @BeforeMethod openBrowser -->
  <testcase classname="SignUpTest" name="@BeforeMethod openBrowser" time="-1.617652988056E9">
    <skipped/>
  </testcase> <!-- @BeforeMethod openBrowser -->
  <testcase classname="SignUpTest" name="@BeforeMethod openBrowser" time="-1.617652988061E9">
    <skipped/>
  </testcase> <!-- @BeforeMethod openBrowser -->
  <testcase classname="SignUpTest" name="@BeforeMethod openBrowser" time="-1.617652988065E9">
    <skipped/>
  </testcase> <!-- @BeforeMethod openBrowser -->
  <testcase classname="SignUpTest" name="@BeforeMethod openBrowser" time="-1.617652988064E9">
    <skipped/>
  </testcase> <!-- @BeforeMethod openBrowser -->
  <testcase classname="SignUpTest" name="@BeforeMethod openBrowser" time="-1.617652988069E9">
    <skipped/>
  </testcase> <!-- @BeforeMethod openBrowser -->
  <testcase classname="SignUpTest" name="@AfterClass tearDown" time="-1.617652988073E9">
    <skipped/>
  </testcase> <!-- @AfterClass tearDown -->
  <testcase classname="SignUpTest" name="@BeforeMethod openBrowser" time="-1.617652988074E9">
    <skipped/>
  </testcase> <!-- @BeforeMethod openBrowser -->
  <testcase classname="SignUpTest" name="@BeforeMethod openBrowser" time="-1.61765298808E9">
    <skipped/>
  </testcase> <!-- @BeforeMethod openBrowser -->
  <testcase classname="SignUpTest" name="@BeforeMethod openBrowser" time="-1.617652988083E9">
    <skipped/>
  </testcase> <!-- @BeforeMethod openBrowser -->
  <testcase classname="SignUpTest" name="@BeforeMethod openBrowser" time="-1.617652988087E9">
    <skipped/>
  </testcase> <!-- @BeforeMethod openBrowser -->
  <testcase classname="SignUpTest" name="@BeforeMethod openBrowser" time="-1.61765298809E9">
    <skipped/>
  </testcase> <!-- @BeforeMethod openBrowser -->
  <testcase classname="SignUpTest" name="@BeforeMethod openBrowser" time="-1.617652988094E9">
    <skipped/>
  </testcase> <!-- @BeforeMethod openBrowser -->
  <testcase classname="SignUpTest" name="@AfterClass tearDown" time="-1.617652988097E9">
    <skipped/>
  </testcase> <!-- @AfterClass tearDown -->
  <testcase classname="SignUpTest" name="emptyCompanyNameTest" time="0.0">
    <skipped/>
  </testcase> <!-- emptyCompanyNameTest -->
  <testcase classname="SignUpTest" name="emptyEmailTest" time="0.0">
    <skipped/>
  </testcase> <!-- emptyEmailTest -->
  <testcase classname="SignUpTest" name="emptyNameTest" time="0.0">
    <skipped/>
  </testcase> <!-- emptyNameTest -->
  <testcase classname="SignUpTest" name="emptyPasswordTest" time="0.0">
    <skipped/>
  </testcase> <!-- emptyPasswordTest -->
  <testcase classname="SignUpTest" name="emptyPhoneTest" time="0.0">
    <skipped/>
  </testcase> <!-- emptyPhoneTest -->
  <testcase classname="SignUpTest" name="inValidPasswordTest" time="0.0">
    <skipped/>
  </testcase> <!-- inValidPasswordTest -->
  <testcase classname="SignUpTest" name="inValidPhoneTest" time="0.0">
    <skipped/>
  </testcase> <!-- inValidPhoneTest -->
  <testcase classname="SignUpTest" name="invalidEmailTest" time="0.0">
    <skipped/>
  </testcase> <!-- invalidEmailTest -->
  <testcase classname="SignUpTest" name="landingPageRedirectionTest" time="0.0">
    <skipped/>
  </testcase> <!-- landingPageRedirectionTest -->
  <testcase classname="SignUpTest" name="loginRedirectionTest" time="0.0">
    <skipped/>
  </testcase> <!-- loginRedirectionTest -->
  <testcase classname="SignUpTest" name="privacyPolicyRedirectionTest" time="0.0">
    <skipped/>
  </testcase> <!-- privacyPolicyRedirectionTest -->
  <testcase classname="SignUpTest" name="termsRedirectionTest" time="0.0">
    <skipped/>
  </testcase> <!-- termsRedirectionTest -->
  <testcase classname="SignUpTest" name="uncheckedTerms" time="0.0">
    <skipped/>
  </testcase> <!-- uncheckedTerms -->
  <testcase classname="SignUpTest" name="validRegistrationTest" time="0.0">
    <skipped/>
  </testcase> <!-- validRegistrationTest -->
  <testcase classname="SignUpTest" name="verifyElemntsOnPageTest" time="0.0">
    <skipped/>
  </testcase> <!-- verifyElemntsOnPageTest -->
</testsuite> <!-- FirefoxTest -->
