<?xml version="1.0" encoding="UTF-8"?>
<!-- Generated by org.testng.reporters.JUnitReportReporter -->
<testsuite hostname="DESKTOP-DQ8EN8M" failures="0" tests="48" name="SignUpTest" time="0.000" errors="3" timestamp="2021-04-05T16:03:08 EDT" skipped="45">
  <testcase classname="SignUpTest" name="verifyElemntsOnPageTest" time="0.000">
    <skipped/>
  </testcase> <!-- verifyElemntsOnPageTest -->
  <system-out/>
  <testcase classname="SignUpTest" name="privacyPolicyRedirectionTest" time="0.000">
    <skipped/>
  </testcase> <!-- privacyPolicyRedirectionTest -->
  <system-out/>
  <testcase classname="SignUpTest" name="termsRedirectionTest" time="0.000">
    <skipped/>
  </testcase> <!-- termsRedirectionTest -->
  <system-out/>
  <testcase classname="SignUpTest" name="loginRedirectionTest" time="0.000">
    <skipped/>
  </testcase> <!-- loginRedirectionTest -->
  <system-out/>
  <testcase classname="SignUpTest" name="landingPageRedirectionTest" time="0.000">
    <skipped/>
  </testcase> <!-- landingPageRedirectionTest -->
  <system-out/>
  <testcase classname="SignUpTest" name="emptyEmailTest" time="0.000">
    <skipped/>
  </testcase> <!-- emptyEmailTest -->
  <system-out/>
  <testcase classname="SignUpTest" name="emptyPhoneTest" time="0.000">
    <skipped/>
  </testcase> <!-- emptyPhoneTest -->
  <system-out/>
  <testcase classname="SignUpTest" name="inValidPhoneTest" time="0.000">
    <skipped/>
  </testcase> <!-- inValidPhoneTest -->
  <system-out/>
  <testcase classname="SignUpTest" name="privacyPolicyRedirectionTest" time="0.000">
    <skipped/>
  </testcase> <!-- privacyPolicyRedirectionTest -->
  <system-out/>
  <testcase classname="SignUpTest" name="loginRedirectionTest" time="0.000">
    <skipped/>
  </testcase> <!-- loginRedirectionTest -->
  <system-out/>
  <testcase classname="SignUpTest" name="termsRedirectionTest" time="0.000">
    <skipped/>
  </testcase> <!-- termsRedirectionTest -->
  <system-out/>
  <testcase classname="SignUpTest" name="emptyPhoneTest" time="0.000">
    <skipped/>
  </testcase> <!-- emptyPhoneTest -->
  <system-out/>
  <testcase classname="SignUpTest" name="termsRedirectionTest" time="0.000">
    <skipped/>
  </testcase> <!-- termsRedirectionTest -->
  <system-out/>
  <testcase classname="SignUpTest" name="inValidPhoneTest" time="0.000">
    <skipped/>
  </testcase> <!-- inValidPhoneTest -->
  <system-out/>
  <testcase classname="SignUpTest" name="validRegistrationTest" time="0.000">
    <skipped/>
  </testcase> <!-- validRegistrationTest -->
  <system-out/>
  <testcase classname="SignUpTest" name="invalidEmailTest" time="0.000">
    <skipped/>
  </testcase> <!-- invalidEmailTest -->
  <system-out/>
  <testcase classname="SignUpTest" name="loginRedirectionTest" time="0.000">
    <skipped/>
  </testcase> <!-- loginRedirectionTest -->
  <system-out/>
  <testcase classname="SignUpTest" name="invalidEmailTest" time="0.000">
    <skipped/>
  </testcase> <!-- invalidEmailTest -->
  <system-out/>
  <testcase classname="SignUpTest" name="uncheckedTerms" time="0.000">
    <skipped/>
  </testcase> <!-- uncheckedTerms -->
  <system-out/>
  <testcase classname="SignUpTest" name="emptyCompanyNameTest" time="0.000">
    <skipped/>
  </testcase> <!-- emptyCompanyNameTest -->
  <system-out/>
  <testcase classname="SignUpTest" name="inValidPasswordTest" time="0.000">
    <skipped/>
  </testcase> <!-- inValidPasswordTest -->
  <system-out/>
  <testcase classname="SignUpTest" name="emptyCompanyNameTest" time="0.000">
    <skipped/>
  </testcase> <!-- emptyCompanyNameTest -->
  <system-out/>
  <testcase classname="SignUpTest" name="emptyNameTest" time="0.000">
    <skipped/>
  </testcase> <!-- emptyNameTest -->
  <system-out/>
  <testcase classname="SignUpTest" name="emptyPhoneTest" time="0.000">
    <skipped/>
  </testcase> <!-- emptyPhoneTest -->
  <system-out/>
  <testcase classname="SignUpTest" name="emptyNameTest" time="0.000">
    <skipped/>
  </testcase> <!-- emptyNameTest -->
  <system-out/>
  <testcase classname="SignUpTest" name="openBrowser" time="0.000">
    <error message="Cannot invoke &quot;org.openqa.selenium.remote.RemoteWebDriver.manage()&quot; because &quot;SignUpTest.driver&quot; is null" type="java.lang.NullPointerException">
      <![CDATA[java.lang.NullPointerException: Cannot invoke "org.openqa.selenium.remote.RemoteWebDriver.manage()" because "SignUpTest.driver" is null
at SignUpTest.openBrowser(SignUpTest.java:57)
at java.base/jdk.internal.reflect.NativeMethodAccessorImpl.invoke0(Native Method)
at java.base/jdk.internal.reflect.NativeMethodAccessorImpl.invoke(NativeMethodAccessorImpl.java:64)
at java.base/jdk.internal.reflect.DelegatingMethodAccessorImpl.invoke(DelegatingMethodAccessorImpl.java:43)
at java.base/java.lang.reflect.Method.invoke(Method.java:564)
at org.testng.internal.MethodInvocationHelper.invokeMethod(MethodInvocationHelper.java:133)
at org.testng.internal.MethodInvocationHelper.invokeMethodConsideringTimeout(MethodInvocationHelper.java:62)
at org.testng.internal.ConfigInvoker.invokeConfigurationMethod(ConfigInvoker.java:385)
at org.testng.internal.ConfigInvoker.invokeConfigurations(ConfigInvoker.java:321)
at org.testng.internal.TestInvoker.runConfigMethods(TestInvoker.java:700)
at org.testng.internal.TestInvoker.invokeMethod(TestInvoker.java:527)
at org.testng.internal.TestInvoker.invokeTestMethod(TestInvoker.java:173)
at org.testng.internal.MethodRunner.runInSequence(MethodRunner.java:46)
at org.testng.internal.TestInvoker$MethodInvocationAgent.invoke(TestInvoker.java:824)
at org.testng.internal.TestInvoker.invokeTestMethods(TestInvoker.java:146)
at org.testng.internal.TestMethodWorker.invokeTestMethods(TestMethodWorker.java:146)
at org.testng.internal.TestMethodWorker.run(TestMethodWorker.java:128)
at java.base/java.util.ArrayList.forEach(ArrayList.java:1511)
at org.testng.TestRunner.privateRun(TestRunner.java:794)
at org.testng.TestRunner.run(TestRunner.java:596)
at org.testng.SuiteRunner.runTest(SuiteRunner.java:377)
at org.testng.SuiteRunner.access$000(SuiteRunner.java:28)
at org.testng.SuiteRunner$SuiteWorker.run(SuiteRunner.java:418)
at org.testng.internal.thread.ThreadUtil.lambda$execute$0(ThreadUtil.java:64)
at java.base/java.util.concurrent.FutureTask.run(FutureTask.java:264)
at java.base/java.util.concurrent.ThreadPoolExecutor.runWorker(ThreadPoolExecutor.java:1130)
at java.base/java.util.concurrent.ThreadPoolExecutor$Worker.run(ThreadPoolExecutor.java:630)
at java.base/java.lang.Thread.run(Thread.java:832)
]]>
    </error>
  </testcase> <!-- openBrowser -->
  <system-out/>
  <testcase classname="SignUpTest" name="landingPageRedirectionTest" time="0.000">
    <skipped/>
  </testcase> <!-- landingPageRedirectionTest -->
  <system-out/>
  <testcase classname="SignUpTest" name="invalidEmailTest" time="0.000">
    <skipped/>
  </testcase> <!-- invalidEmailTest -->
  <system-out/>
  <testcase classname="SignUpTest" name="uncheckedTerms" time="0.000">
    <skipped/>
  </testcase> <!-- uncheckedTerms -->
  <system-out/>
  <testcase classname="SignUpTest" name="emptyPasswordTest" time="0.000">
    <skipped/>
  </testcase> <!-- emptyPasswordTest -->
  <system-out/>
  <testcase classname="SignUpTest" name="emptyPasswordTest" time="0.000">
    <skipped/>
  </testcase> <!-- emptyPasswordTest -->
  <system-out/>
  <testcase classname="SignUpTest" name="verifyElemntsOnPageTest" time="0.000">
    <skipped/>
  </testcase> <!-- verifyElemntsOnPageTest -->
  <system-out/>
  <testcase classname="SignUpTest" name="inValidPhoneTest" time="0.000">
    <skipped/>
  </testcase> <!-- inValidPhoneTest -->
  <system-out/>
  <testcase classname="SignUpTest" name="emptyNameTest" time="0.000">
    <skipped/>
  </testcase> <!-- emptyNameTest -->
  <system-out/>
  <testcase classname="SignUpTest" name="validRegistrationTest" time="0.000">
    <skipped/>
  </testcase> <!-- validRegistrationTest -->
  <system-out/>
  <testcase classname="SignUpTest" name="validRegistrationTest" time="0.000">
    <skipped/>
  </testcase> <!-- validRegistrationTest -->
  <system-out/>
  <testcase classname="SignUpTest" name="emptyCompanyNameTest" time="0.000">
    <skipped/>
  </testcase> <!-- emptyCompanyNameTest -->
  <system-out/>
  <testcase classname="SignUpTest" name="emptyEmailTest" time="0.000">
    <skipped/>
  </testcase> <!-- emptyEmailTest -->
  <system-out/>
  <testcase classname="SignUpTest" name="emptyEmailTest" time="0.000">
    <skipped/>
  </testcase> <!-- emptyEmailTest -->
  <system-out/>
  <testcase classname="SignUpTest" name="inValidPasswordTest" time="0.000">
    <skipped/>
  </testcase> <!-- inValidPasswordTest -->
  <system-out/>
  <testcase classname="SignUpTest" name="emptyPasswordTest" time="0.000">
    <skipped/>
  </testcase> <!-- emptyPasswordTest -->
  <system-out/>
  <testcase classname="SignUpTest" name="openBrowser" time="0.000">
    <error message="Cannot invoke &quot;org.openqa.selenium.remote.RemoteWebDriver.manage()&quot; because &quot;SignUpTest.driver&quot; is null" type="java.lang.NullPointerException">
      <![CDATA[java.lang.NullPointerException: Cannot invoke "org.openqa.selenium.remote.RemoteWebDriver.manage()" because "SignUpTest.driver" is null
at SignUpTest.openBrowser(SignUpTest.java:57)
at java.base/jdk.internal.reflect.NativeMethodAccessorImpl.invoke0(Native Method)
at java.base/jdk.internal.reflect.NativeMethodAccessorImpl.invoke(NativeMethodAccessorImpl.java:64)
at java.base/jdk.internal.reflect.DelegatingMethodAccessorImpl.invoke(DelegatingMethodAccessorImpl.java:43)
at java.base/java.lang.reflect.Method.invoke(Method.java:564)
at org.testng.internal.MethodInvocationHelper.invokeMethod(MethodInvocationHelper.java:133)
at org.testng.internal.MethodInvocationHelper.invokeMethodConsideringTimeout(MethodInvocationHelper.java:62)
at org.testng.internal.ConfigInvoker.invokeConfigurationMethod(ConfigInvoker.java:385)
at org.testng.internal.ConfigInvoker.invokeConfigurations(ConfigInvoker.java:321)
at org.testng.internal.TestInvoker.runConfigMethods(TestInvoker.java:700)
at org.testng.internal.TestInvoker.invokeMethod(TestInvoker.java:527)
at org.testng.internal.TestInvoker.invokeTestMethod(TestInvoker.java:173)
at org.testng.internal.MethodRunner.runInSequence(MethodRunner.java:46)
at org.testng.internal.TestInvoker$MethodInvocationAgent.invoke(TestInvoker.java:824)
at org.testng.internal.TestInvoker.invokeTestMethods(TestInvoker.java:146)
at org.testng.internal.TestMethodWorker.invokeTestMethods(TestMethodWorker.java:146)
at org.testng.internal.TestMethodWorker.run(TestMethodWorker.java:128)
at java.base/java.util.ArrayList.forEach(ArrayList.java:1511)
at org.testng.TestRunner.privateRun(TestRunner.java:794)
at org.testng.TestRunner.run(TestRunner.java:596)
at org.testng.SuiteRunner.runTest(SuiteRunner.java:377)
at org.testng.SuiteRunner.access$000(SuiteRunner.java:28)
at org.testng.SuiteRunner$SuiteWorker.run(SuiteRunner.java:418)
at org.testng.internal.thread.ThreadUtil.lambda$execute$0(ThreadUtil.java:64)
at java.base/java.util.concurrent.FutureTask.run(FutureTask.java:264)
at java.base/java.util.concurrent.ThreadPoolExecutor.runWorker(ThreadPoolExecutor.java:1130)
at java.base/java.util.concurrent.ThreadPoolExecutor$Worker.run(ThreadPoolExecutor.java:630)
at java.base/java.lang.Thread.run(Thread.java:832)
]]>
    </error>
  </testcase> <!-- openBrowser -->
  <system-out/>
  <testcase classname="SignUpTest" name="verifyElemntsOnPageTest" time="0.000">
    <skipped/>
  </testcase> <!-- verifyElemntsOnPageTest -->
  <system-out/>
  <testcase classname="SignUpTest" name="uncheckedTerms" time="0.000">
    <skipped/>
  </testcase> <!-- uncheckedTerms -->
  <system-out/>
  <testcase classname="SignUpTest" name="landingPageRedirectionTest" time="0.000">
    <skipped/>
  </testcase> <!-- landingPageRedirectionTest -->
  <system-out/>
  <testcase classname="SignUpTest" name="privacyPolicyRedirectionTest" time="0.000">
    <skipped/>
  </testcase> <!-- privacyPolicyRedirectionTest -->
  <system-out/>
  <testcase classname="SignUpTest" name="openBrowser" time="0.000">
    <error message="Cannot invoke &quot;org.openqa.selenium.remote.RemoteWebDriver.manage()&quot; because &quot;SignUpTest.driver&quot; is null" type="java.lang.NullPointerException">
      <![CDATA[java.lang.NullPointerException: Cannot invoke "org.openqa.selenium.remote.RemoteWebDriver.manage()" because "SignUpTest.driver" is null
at SignUpTest.openBrowser(SignUpTest.java:57)
at java.base/jdk.internal.reflect.NativeMethodAccessorImpl.invoke0(Native Method)
at java.base/jdk.internal.reflect.NativeMethodAccessorImpl.invoke(NativeMethodAccessorImpl.java:64)
at java.base/jdk.internal.reflect.DelegatingMethodAccessorImpl.invoke(DelegatingMethodAccessorImpl.java:43)
at java.base/java.lang.reflect.Method.invoke(Method.java:564)
at org.testng.internal.MethodInvocationHelper.invokeMethod(MethodInvocationHelper.java:133)
at org.testng.internal.MethodInvocationHelper.invokeMethodConsideringTimeout(MethodInvocationHelper.java:62)
at org.testng.internal.ConfigInvoker.invokeConfigurationMethod(ConfigInvoker.java:385)
at org.testng.internal.ConfigInvoker.invokeConfigurations(ConfigInvoker.java:321)
at org.testng.internal.TestInvoker.runConfigMethods(TestInvoker.java:700)
at org.testng.internal.TestInvoker.invokeMethod(TestInvoker.java:527)
at org.testng.internal.TestInvoker.invokeTestMethod(TestInvoker.java:173)
at org.testng.internal.MethodRunner.runInSequence(MethodRunner.java:46)
at org.testng.internal.TestInvoker$MethodInvocationAgent.invoke(TestInvoker.java:824)
at org.testng.internal.TestInvoker.invokeTestMethods(TestInvoker.java:146)
at org.testng.internal.TestMethodWorker.invokeTestMethods(TestMethodWorker.java:146)
at org.testng.internal.TestMethodWorker.run(TestMethodWorker.java:128)
at java.base/java.util.ArrayList.forEach(ArrayList.java:1511)
at org.testng.TestRunner.privateRun(TestRunner.java:794)
at org.testng.TestRunner.run(TestRunner.java:596)
at org.testng.SuiteRunner.runTest(SuiteRunner.java:377)
at org.testng.SuiteRunner.access$000(SuiteRunner.java:28)
at org.testng.SuiteRunner$SuiteWorker.run(SuiteRunner.java:418)
at org.testng.internal.thread.ThreadUtil.lambda$execute$0(ThreadUtil.java:64)
at java.base/java.util.concurrent.FutureTask.run(FutureTask.java:264)
at java.base/java.util.concurrent.ThreadPoolExecutor.runWorker(ThreadPoolExecutor.java:1130)
at java.base/java.util.concurrent.ThreadPoolExecutor$Worker.run(ThreadPoolExecutor.java:630)
at java.base/java.lang.Thread.run(Thread.java:832)
]]>
    </error>
  </testcase> <!-- openBrowser -->
  <system-out/>
  <testcase classname="SignUpTest" name="inValidPasswordTest" time="0.000">
    <skipped/>
  </testcase> <!-- inValidPasswordTest -->
  <system-out/>
</testsuite> <!-- SignUpTest -->
